[debug] [2023-02-17T10:58:42.853Z] ----------------------------------------------------------------------
[debug] [2023-02-17T10:58:42.853Z] Command:       /Users/shuliakliubov/.nvm/versions/node/v18.0.0/bin/node /Users/shuliakliubov/.nvm/versions/node/v18.0.0/bin/firebase deploy --only hosting
[debug] [2023-02-17T10:58:42.854Z] CLI Version:   11.23.1
[debug] [2023-02-17T10:58:42.854Z] Platform:      darwin
[debug] [2023-02-17T10:58:42.854Z] Node Version:  v18.0.0
[debug] [2023-02-17T10:58:42.854Z] Time:          Fri Feb 17 2023 11:58:42 GMT+0100 (Central European Standard Time)
[debug] [2023-02-17T10:58:42.855Z] ----------------------------------------------------------------------
[debug] 
[debug] [2023-02-17T10:58:42.884Z] > command requires scopes: ["email","openid","https://www.googleapis.com/auth/cloudplatformprojects.readonly","https://www.googleapis.com/auth/firebase","https://www.googleapis.com/auth/cloud-platform"]
[debug] [2023-02-17T10:58:42.885Z] > authorizing via signed-in user (shuliak.lyubov@gmail.com)
[debug] [2023-02-17T10:58:42.885Z] [iam] checking project portfolio-fadaf for permissions ["firebase.projects.get","firebasehosting.sites.update"]
[debug] [2023-02-17T10:58:42.886Z] >>> [apiv2][query] POST https://cloudresourcemanager.googleapis.com/v1/projects/portfolio-fadaf:testIamPermissions [none]
[debug] [2023-02-17T10:58:42.886Z] >>> [apiv2][(partial)header] POST https://cloudresourcemanager.googleapis.com/v1/projects/portfolio-fadaf:testIamPermissions x-goog-quota-user=projects/portfolio-fadaf
[debug] [2023-02-17T10:58:42.886Z] >>> [apiv2][body] POST https://cloudresourcemanager.googleapis.com/v1/projects/portfolio-fadaf:testIamPermissions {"permissions":["firebase.projects.get","firebasehosting.sites.update"]}
[debug] [2023-02-17T10:58:43.696Z] <<< [apiv2][status] POST https://cloudresourcemanager.googleapis.com/v1/projects/portfolio-fadaf:testIamPermissions 200
[debug] [2023-02-17T10:58:43.697Z] <<< [apiv2][body] POST https://cloudresourcemanager.googleapis.com/v1/projects/portfolio-fadaf:testIamPermissions {"permissions":["firebase.projects.get","firebasehosting.sites.update"]}
[debug] [2023-02-17T10:58:43.698Z] >>> [apiv2][query] GET https://firebase.googleapis.com/v1beta1/projects/portfolio-fadaf [none]
[debug] [2023-02-17T10:58:43.990Z] <<< [apiv2][status] GET https://firebase.googleapis.com/v1beta1/projects/portfolio-fadaf 200
[debug] [2023-02-17T10:58:43.991Z] <<< [apiv2][body] GET https://firebase.googleapis.com/v1beta1/projects/portfolio-fadaf {"projectId":"portfolio-fadaf","projectNumber":"682320551440","displayName":"portfolio","name":"projects/portfolio-fadaf","resources":{"hostingSite":"portfolio-fadaf"},"state":"ACTIVE","etag":"1_e6d9eff7-3d4c-46cc-a1ab-c499f9e9b02a"}
[info] 
[info] === Deploying to 'portfolio-fadaf'...
[info] 
[info] i  deploying hosting 
[debug] [2023-02-17T10:58:43.998Z] >>> [apiv2][query] POST https://firebasehosting.googleapis.com/v1beta1/projects/-/sites/portfolio-fadaf/versions [none]
[debug] [2023-02-17T10:58:43.999Z] >>> [apiv2][body] POST https://firebasehosting.googleapis.com/v1beta1/projects/-/sites/portfolio-fadaf/versions {"status":"CREATED","labels":{"deployment-tool":"cli-firebase"}}
[debug] [2023-02-17T10:58:45.112Z] <<< [apiv2][status] POST https://firebasehosting.googleapis.com/v1beta1/projects/-/sites/portfolio-fadaf/versions 200
[debug] [2023-02-17T10:58:45.113Z] <<< [apiv2][body] POST https://firebasehosting.googleapis.com/v1beta1/projects/-/sites/portfolio-fadaf/versions {"name":"projects/682320551440/sites/portfolio-fadaf/versions/b53baee577c9b08b","status":"CREATED","config":{},"labels":{"deployment-tool":"cli-firebase"}}
[info] i  hosting[portfolio-fadaf]: beginning deploy... 
[info] i  hosting[portfolio-fadaf]: found 19 files in build 
[debug] [2023-02-17T10:58:45.124Z] [hosting] uploading with 200 concurrency
[debug] [2023-02-17T10:58:45.271Z] [hosting] hash cache [YnVpbGQ] stored for 19 files
[debug] [2023-02-17T10:58:45.271Z] [hosting][hash queue][FINAL] {"max":142,"min":6,"avg":25.210526315789473,"active":0,"complete":19,"success":19,"errored":0,"retried":0,"total":19,"elapsed":145}
[debug] [2023-02-17T10:58:45.272Z] >>> [apiv2][query] POST https://firebasehosting.googleapis.com/v1beta1/projects/682320551440/sites/portfolio-fadaf/versions/b53baee577c9b08b:populateFiles [none]
[debug] [2023-02-17T10:58:45.272Z] >>> [apiv2][body] POST https://firebasehosting.googleapis.com/v1beta1/projects/682320551440/sites/portfolio-fadaf/versions/b53baee577c9b08b:populateFiles {"files":{"/404.html":"05cbc6f94d7a69ce2e29646eab13be2c884e61ba93e3094df5028866876d18b3","/index.html":"48b2f3efe73e3434cc2bb2cfbc7f4f6e5d0c4cb9568531e74f050321c96d73b9","/favicon.ico":"b72f7455f00e4e58792d2bca892abb068e2213838c0316d6b7a0d6d16acd1955","/asset-manifest.json":"c4429d64cb9ebe8f233eb12e80069c2d93752b4a2814e56d31853201245234d5","/manifest.json":"341d52628782f8ac9290bbfc43298afccb47b7cbfcee146ae30cf0f46bc30900","/static/css/main.4ab4cb5c.css":"030a7731525c668361d6f153e5e863a5786b58b8b1ae015adc1a4e11e1432417","/robots.txt":"391d14b3c2f8c9143a27a28c7399585142228d4d1bdbe2c87ac946de411fa9a2","/static/css/main.4ab4cb5c.css.map":"990f62924527693114dc2e4ad9d13c7b2eceb198d61d129c7c3b5c4d9741fca0","/logo192.png":"caff018b7f1e8fd481eb1c50d75b0ef236bcd5078b1d15c8bb348453fee30293","/static/js/787.1ed0c42c.chunk.js":"a0032a581a6f10e5be393fc5bf09a7c9ad026b1d03e05ea5fd446b8b342d42c1","/static/js/main.8e9590db.js.LICENSE.txt":"901cc83321b57df74da943182026fae4404e2eb737a088eea6fb56dd331e109f","/logo512.png":"191fc21360b4ccfb1cda11a1efb97f489ed22672ca83f4064316802bbfdd750e","/static/js/787.1ed0c42c.chunk.js.map":"436420c43a59c8b25ed069a25a356996d599ed26edf66b3f794c0bba8b306f56","/static/js/main.8e9590db.js":"c21d070393bbde9987ac7f62bc22ac5a885b4665f68f3f8ab9893b6b53f72e86","/static/media/photo.d7dca40af9bea39d62d5.png":"a48408bf1ee7058e2bd63a71dc67c4a1d8c5923f4d06192f76488725bdfc3f99","/static/media/CV_Shuliak_Liubov.a053bd47d034428eba6a.pdf":"342e0f6c362e711347b6748a969e93f2c3e56742880812e7d3a34124648a0254","/static/media/GentiumBookPlus-Bold.0dd85f8c6b82f19da3e8.ttf":"b5bbef3083012051bbacd8d374cb297c8f3616926d922ed70e393cc18c5f9fdc","/static/media/background.6e8dc814ad42cd60ff0b.jpeg":"ace4fdaacc934d9c57abba10e64b1f7afd387933ba039dc4fc4d14409655b667","/static/js/main.8e9590db.js.map":"7d0c80dc306dd85788564c2c7580743251adfe93b61ccaaa6b98b55ee99c2cf2"}}
[debug] [2023-02-17T10:58:46.215Z] <<< [apiv2][status] POST https://firebasehosting.googleapis.com/v1beta1/projects/682320551440/sites/portfolio-fadaf/versions/b53baee577c9b08b:populateFiles 200
[debug] [2023-02-17T10:58:46.215Z] <<< [apiv2][body] POST https://firebasehosting.googleapis.com/v1beta1/projects/682320551440/sites/portfolio-fadaf/versions/b53baee577c9b08b:populateFiles {"uploadRequiredHashes":["a48408bf1ee7058e2bd63a71dc67c4a1d8c5923f4d06192f76488725bdfc3f99","342e0f6c362e711347b6748a969e93f2c3e56742880812e7d3a34124648a0254","ace4fdaacc934d9c57abba10e64b1f7afd387933ba039dc4fc4d14409655b667"],"uploadUrl":"https://upload-firebasehosting.googleapis.com/upload/sites/portfolio-fadaf/versions/b53baee577c9b08b/files"}
[debug] [2023-02-17T10:58:46.217Z] >>> [apiv2][query] POST https://upload-firebasehosting.googleapis.com/upload/sites/portfolio-fadaf/versions/b53baee577c9b08b/files/a48408bf1ee7058e2bd63a71dc67c4a1d8c5923f4d06192f76488725bdfc3f99 [none]
[debug] [2023-02-17T10:58:46.217Z] >>> [apiv2][body] POST https://upload-firebasehosting.googleapis.com/upload/sites/portfolio-fadaf/versions/b53baee577c9b08b/files/a48408bf1ee7058e2bd63a71dc67c4a1d8c5923f4d06192f76488725bdfc3f99 [stream]
[debug] [2023-02-17T10:58:46.224Z] >>> [apiv2][query] POST https://upload-firebasehosting.googleapis.com/upload/sites/portfolio-fadaf/versions/b53baee577c9b08b/files/342e0f6c362e711347b6748a969e93f2c3e56742880812e7d3a34124648a0254 [none]
[debug] [2023-02-17T10:58:46.224Z] >>> [apiv2][body] POST https://upload-firebasehosting.googleapis.com/upload/sites/portfolio-fadaf/versions/b53baee577c9b08b/files/342e0f6c362e711347b6748a969e93f2c3e56742880812e7d3a34124648a0254 [stream]
[debug] [2023-02-17T10:58:46.230Z] >>> [apiv2][query] POST https://upload-firebasehosting.googleapis.com/upload/sites/portfolio-fadaf/versions/b53baee577c9b08b/files/ace4fdaacc934d9c57abba10e64b1f7afd387933ba039dc4fc4d14409655b667 [none]
[debug] [2023-02-17T10:58:46.230Z] >>> [apiv2][body] POST https://upload-firebasehosting.googleapis.com/upload/sites/portfolio-fadaf/versions/b53baee577c9b08b/files/ace4fdaacc934d9c57abba10e64b1f7afd387933ba039dc4fc4d14409655b667 [stream]
[debug] [2023-02-17T10:58:46.235Z] [hosting][populate queue][FINAL] {"max":945,"min":945,"avg":945,"active":0,"complete":1,"success":1,"errored":0,"retried":0,"total":1,"elapsed":964}
[debug] [2023-02-17T10:58:46.235Z] [hosting] uploads queued: 3
